{"E:\\React\\react-page\\src\\App.js": {"path":"E:\\React\\react-page\\src\\App.js","statementMap":{"0":{"start":{"line":7,"column":4},"end":{"line":17,"column":6}}},"fnMap":{"0":{"name":"(anonymous_0)","decl":{"start":{"line":6,"column":2},"end":{"line":6,"column":3}},"loc":{"start":{"line":6,"column":11},"end":{"line":18,"column":3}}}},"branchMap":{},"s":{"0":1},"f":{"0":1},"b":{},"_coverageSchema":"332fd63041d2c1bcb487cc26dd0d5f7d97098a6c","hash":"fe754e8baf9f8f64f004e3a083e0887df33c7df3"}
,"E:\\React\\react-page\\src\\index.js": {"path":"E:\\React\\react-page\\src\\index.js","statementMap":{"0":{"start":{"line":1,"column":58},"end":{"line":1,"column":96}},"1":{"start":{"line":5,"column":14},"end":{"line":5,"column":40}}},"fnMap":{},"branchMap":{},"s":{"0":0,"1":0},"f":{},"b":{}}
}
